[16:32:53] [main/INFO]: Setting user: Player615
[16:32:55] [Client thread/INFO]: LWJGL Version: 2.9.1
[16:33:05] [Client thread/INFO]: Reloading ResourceManager: Default, FMLFileResourcePack:Forge Mod Loader, FMLFileResourcePack:Minecraft Forge, FMLFileResourcePack:Not Enough Items, FMLFileResourcePack:Waila, FMLFileResourcePack:Wireless Redstone SC
[16:33:06] [Sound Library Loader/INFO]: Sound engine started
[16:33:07] [Client thread/INFO]: Created: 16x16 textures/blocks-atlas
[16:33:07] [Client thread/INFO]: Created: 16x16 textures/items-atlas
[16:33:08] [Client thread/INFO]: Reloading ResourceManager: Default, FMLFileResourcePack:Forge Mod Loader, FMLFileResourcePack:Minecraft Forge, FMLFileResourcePack:Not Enough Items, FMLFileResourcePack:Waila, FMLFileResourcePack:Wireless Redstone SC
[16:33:08] [Client thread/INFO]: Created: 512x256 textures/blocks-atlas
[16:33:08] [Client thread/INFO]: Created: 256x256 textures/items-atlas
[16:33:09] [Sound Library Loader/INFO]: Sound engine started
[16:33:20] [Server thread/INFO]: Starting integrated minecraft server version 1.7.10
[16:33:20] [Server thread/INFO]: Generating keypair
[16:33:20] [Server thread/INFO]: Preparing start region for level 0
[16:33:21] [Server thread/INFO]: Changing view distance to 12, from 10
[16:33:22] [Server thread/INFO]: Player615[local:E:24959afd] logged in with entity id 155 at (-531.0957752446844, 7.605303598691962, -384.4185491019067)
[16:33:22] [Server thread/INFO]: Player615 joined the game
[16:33:30] [Server thread/INFO]: Saving and pausing game...
[16:33:30] [Server thread/INFO]: Saving chunks for level 'Copy of New World'/Overworld
[16:33:30] [Server thread/INFO]: Saving chunks for level 'Copy of New World'/Nether
[16:33:30] [Server thread/INFO]: Saving chunks for level 'Copy of New World'/The End
[16:33:40] [Client thread/INFO]: Reloading ResourceManager: Default, FMLFileResourcePack:Forge Mod Loader, FMLFileResourcePack:Minecraft Forge, FMLFileResourcePack:Not Enough Items, FMLFileResourcePack:Waila, FMLFileResourcePack:Wireless Redstone SC
[16:33:40] [Client thread/INFO]: Created: 512x256 textures/blocks-atlas
[16:33:40] [Client thread/INFO]: Created: 256x256 textures/items-atlas
[16:33:41] [Sound Library Loader/INFO]: Sound engine started
[16:33:59] [Server thread/INFO]: Saving and pausing game...
[16:33:59] [Server thread/INFO]: Saving chunks for level 'Copy of New World'/Overworld
[16:33:59] [Server thread/INFO]: Saving chunks for level 'Copy of New World'/Nether
[16:33:59] [Server thread/INFO]: Saving chunks for level 'Copy of New World'/The End
[16:34:00] [Server thread/INFO]: Stopping server
[16:34:00] [Server thread/INFO]: Saving players
[16:34:00] [Server thread/INFO]: Saving worlds
[16:34:00] [Server thread/INFO]: Saving chunks for level 'Copy of New World'/Overworld
[16:34:00] [Server thread/INFO]: Saving chunks for level 'Copy of New World'/Nether
[16:34:00] [Server thread/INFO]: Saving chunks for level 'Copy of New World'/The End
[16:34:01] [Client thread/INFO]: Stopping!
